2014-11-28 13:00:59|   0.2|  0.2|INFORM|FME 2014 (20140120 - Build 14235 - WIN32)
2014-11-28 13:00:59|   0.2|  0.0|INFORM|FME_HOME is 'C:\Program Files (x86)\FME\'
2014-11-28 13:01:00|   0.2|  0.0|INFORM|FME Desktop Oracle Edition (floating)
2014-11-28 13:01:00|   0.2|  0.0|INFORM|Permanent License.
2014-11-28 13:01:00|   0.2|  0.0|INFORM|Machine host name is: SVV-41302
2014-11-28 13:01:00|   0.2|  0.0|INFORM|START - ProcessID: 5244, peak process memory usage: 49272 kB, current process memory usage: 49272 kB
2014-11-28 13:01:00|   0.2|  0.0|INFORM|FME Configuration: Command line arguments are `C:\Program Files (x86)\FME\fme.exe' `C:/Data/fmeWT/vegdatalabs_fme\wb-xlate-1417176057420_6784' `LOG_STANDARDOUT' `YES' `LogCount' `C:\Users\jajens\AppData\Local\Temp\wb-xlate-counts-1417176057423_6784'
2014-11-28 13:01:01|   0.3|  0.1|INFORM|Shared directories for formats are : \\svv4p16afil01\JAJENS$\documents\FME\Formats;C:\Program Files (x86)\FME\datasources
2014-11-28 13:01:01|   0.3|  0.0|INFORM|Shared directories for transformers are : \\svv4p16afil01\JAJENS$\documents\FME\Transformers;C:\Program Files (x86)\FME\transformers;C:\Users\jajens\AppData\Roaming\Safe Software\FME\FME Store\Transformers
2014-11-28 13:01:01|   0.3|  0.0|INFORM|Shared directories for coordinate systems are : \\svv4p16afil01\JAJENS$\documents\FME\CoordinateSystems
2014-11-28 13:01:01|   0.3|  0.0|INFORM|Shared directories for coordinate system exceptions are : \\svv4p16afil01\JAJENS$\documents\FME\CoordinateSystemExceptions
2014-11-28 13:01:01|   0.3|  0.0|INFORM|Shared directories for coordinate system grid overrides are : \\svv4p16afil01\JAJENS$\documents\FME\CoordinateSystemGridOverrides
2014-11-28 13:01:01|   0.3|  0.0|INFORM|Shared directories for CS-MAP transformation exceptions are : \\svv4p16afil01\JAJENS$\documents\FME\CsmapTransformationExceptions
2014-11-28 13:01:01|   0.3|  0.0|INFORM|Shared directories for transformer categories are : \\svv4p16afil01\JAJENS$\documents\FME\TransformerCategories
2014-11-28 13:01:01|   0.3|  0.0|INFORM|FME Configuration: Reader Keyword is `NULL_SOURCE'
2014-11-28 13:01:01|   0.3|  0.0|INFORM|FME Configuration: Writer Keyword is `MULTI_WRITER'
2014-11-28 13:01:01|   0.3|  0.0|INFORM|FME Configuration: Writer Group Definition Keyword is `MULTI_WRITER_DEF'
2014-11-28 13:01:01|   0.3|  0.0|INFORM|FME Configuration: Reader type is `NULL'
2014-11-28 13:01:01|   0.3|  0.0|INFORM|FME Configuration: Writer type is `MULTI_WRITER'
2014-11-28 13:01:01|   0.3|  0.0|INFORM|FME Configuration: No destination coordinate system set
2014-11-28 13:01:01|   0.3|  0.0|INFORM|FME Configuration: Current working directory is `C:\Data\fmeWT\vegdatalabs_fme'
2014-11-28 13:01:01|   0.3|  0.0|INFORM|FME Configuration: Temporary directory is `C:\Users\jajens\AppData\Local\Temp'
2014-11-28 13:01:01|   0.3|  0.0|INFORM|FME Configuration: FME_HOME is `C:\Program Files (x86)\FME\'
2014-11-28 13:01:01|   0.3|  0.0|INFORM|FME Configuration: FME_BASE is 'no'
2014-11-28 13:01:01|   0.3|  0.0|INFORM|FME Configuration: FME_MF_DIR is 'C:\Data\fmeWT\vegdatalabs_fme/'
2014-11-28 13:01:01|   0.3|  0.0|INFORM|FME Configuration: FME_MF_NAME is 'FMEWT_simplestExample.fmw'
2014-11-28 13:01:01|   0.3|  0.0|INFORM|FME Configuration: FME_PRODUCT_NAME is 'FME(R) 2014'
2014-11-28 13:01:01|   0.3|  0.0|INFORM|System Status: 11119MB of disk space available in the FME temporary directory (C:\Users\jajens\AppData\Local\Temp\)
2014-11-28 13:01:01|   0.3|  0.0|INFORM|System Status: 3914MB of virtual memory available
2014-11-28 13:01:01|   0.3|  0.0|INFORM|Operating System: Microsoft Windows 7 64-bit Service Pack 1 (Build 7601)
2014-11-28 13:01:01|   0.3|  0.0|INFORM|FME Platform: WIN32
2014-11-28 13:01:01|   0.3|  0.0|INFORM|Locale: nb_NO
2014-11-28 13:01:01|   0.3|  0.0|INFORM|Code Page: 1252  (ANSI - latin I)
2014-11-28 13:01:01|   0.3|  0.0|INFORM|FME Configuration: Process limit is 3976 MB (out of 3976 MB physical memory and 4095 MB address space)
2014-11-28 13:01:01|   0.3|  0.0|INFORM|FME Configuration: Start freeing memory when process usage exceeds 2386 MB of memory or 3495 MB of address space
2014-11-28 13:01:01|   0.3|  0.0|INFORM|FME Configuration: Stop freeing memory when process usage is below 1789 MB of memory and 2621 MB of address space
2014-11-28 13:01:01|   0.3|  0.0|INFORM|FME Configuration: Autodetermining optimal maximum number of objects in memory
2014-11-28 13:01:01|   0.4|  0.1|INFORM|Trying to find a DYNAMIC plugin for reader named `NULL'
2014-11-28 13:01:01|   0.4|  0.0|INFORM|Loaded module 'NULL' from file 'C:\Program Files (x86)\FME\plugins/NULL.dll'
2014-11-28 13:01:01|   0.4|  0.0|INFORM|FME API version of module 'NULL' matches current internal version (3.7 20131121)
2014-11-28 13:01:01|   0.4|  0.0|INFORM|Using MultiWriter $Revision: 59162 $ ( $Date: 2009-04-07 10:04:59 -0700 (Tue, 07 Apr 2009) $ ) with keyword `MULTI_WRITER' to output data (ID_ATTRIBUTE is `multi_writer_id')
2014-11-28 13:01:01|   0.4|  0.0|INFORM|Writer output will be ordered by value of multi_writer_id
2014-11-28 13:01:02|   0.4|  0.0|INFORM|Loaded module 'Geometry_func' from file 'C:\Program Files (x86)\FME\plugins/Geometry_func.dll'
2014-11-28 13:01:02|   0.4|  0.0|INFORM|FME API version of module 'Geometry_func' matches current internal version (3.7 20131121)
2014-11-28 13:01:02|   0.4|  0.0|INFORM|Loaded module 'LogCount_func' from file 'C:\Program Files (x86)\FME\plugins/LogCount_func.dll'
2014-11-28 13:01:02|   0.4|  0.0|INFORM|FME API version of module 'LogCount_func' matches current internal version (3.7 20131121)
2014-11-28 13:01:02|   0.5|  0.0|INFORM|Loaded module 'EvaluateExpression_func' from file 'C:\Program Files (x86)\FME\plugins/EvaluateExpression_func.dll'
2014-11-28 13:01:02|   0.5|  0.0|INFORM|FME API version of module 'EvaluateExpression_func' matches current internal version (3.7 20131121)
2014-11-28 13:01:02|   0.5|  0.0|INFORM|Loaded module 'HTTPFactory' from file 'C:\Program Files (x86)\FME\plugins/HTTPFactory.dll'
2014-11-28 13:01:02|   0.5|  0.0|INFORM|FME API version of module 'HTTPFactory' matches current internal version (3.7 20131121)
2014-11-28 13:01:03|   0.7|  0.2|INFORM|Loaded module 'XFMapFactory' from file 'C:\Program Files (x86)\FME\plugins/XFMapFactory.dll'
2014-11-28 13:01:03|   0.7|  0.0|INFORM|FME API version of module 'XFMapFactory' matches current internal version (3.7 20131121)
2014-11-28 13:01:03|   0.7|  0.0|INFORM|Loaded module 'OGCGeometry_func' from file 'C:\Program Files (x86)\FME\plugins/OGCGeometry_func.dll'
2014-11-28 13:01:03|   0.7|  0.0|INFORM|FME API version of module 'OGCGeometry_func' matches current internal version (3.7 20131121)
2014-11-28 13:01:03|   0.7|  0.0|INFORM|Emptying factory pipeline
2014-11-28 13:01:03|   0.7|  0.0|INFORM|Sending request to 'https://www.vegvesen.no/nvdb/api/vegobjekter/objekt/83645663'
2014-11-28 13:01:05|   1.6|  0.9|INFORM|HTTP transfer summary - HTTP status code: 200, download size: '34882 bytes', download time: '1.638 seconds', url: 'https://www.vegvesen.no/nvdb/api/vegobjekter/objekt/83645663'
2014-11-28 13:01:05|   1.8|  0.2|INFORM|FME Configuration: No destination coordinate system set
2014-11-28 13:01:05|   1.8|  0.0|INFORM|Using Shape Writer $Revision: 114711 $ ( $Date: 2013-12-20 15:37:36 -0800 (Fri, 20 Dec 2013) $ ) to write shape files to directory `C:\Data\tunnelkart\tunneleks'
2014-11-28 13:01:05|   1.8|  0.0|INFORM|Shape Writer: Allowing attribute names with mixed case
2014-11-28 13:01:05|   1.8|  0.0|INFORM|Shape Writer: Enabling Strict compatibility
2014-11-28 13:01:05|   1.8|  0.0|INFORM|Writer `SHAPE_1' of type `SHAPE' using group definition keyword `SHAPE_1_DEF'
2014-11-28 13:01:05|   1.8|  0.0|INFORM|Shape Writer: Writing shape file using character encoding `ANSI'
2014-11-28 13:01:05|   1.8|  0.0|INFORM|Opened Shape File C:\Data\tunnelkart\tunneleks\Tunnelløp.shp for output
2014-11-28 13:01:05|   1.8|  0.0|INFORM|Opened DBF file 'C:\Data\tunnelkart\tunneleks\Tunnelløp.dbf' for output
2014-11-28 13:01:05|   1.8|  0.0|INFORM|DBF Writer: Writing DBF file using character encoding `ANSI'
2014-11-28 13:01:06|   2.2|  0.4|STATS |Storing feature(s) to FME feature store file `C:\Users\jajens\AppData\Local\Temp\FMEWT_simplestExample_130059\inspector.ffs'
2014-11-28 13:01:06|   2.2|  0.0|STATS |Storing feature(s) to FME feature store file `C:\Users\jajens\AppData\Local\Temp\FMEWT_simplestExample_130059\inspector.fsc'
2014-11-28 13:01:06|   2.3|  0.0|STATS |Creator_XML_Creator(CreationFactory): Created 1 features
2014-11-28 13:01:06|   2.3|  0.0|STATS |Creator_Cloner(TeeFactory): Cloned 1 input feature(s) into 1 output feature(s)
2014-11-28 13:01:06|   2.3|  0.0|STATS |Creator_CREATED Feature Counter -1 21(TeeFactory): Cloned 1 input feature(s) into 1 output feature(s)
2014-11-28 13:01:06|   2.3|  0.0|STATS |AttributeCreator_OUTPUT Feature Counter -1 22(TeeFactory): Cloned 1 input feature(s) into 1 output feature(s)
2014-11-28 13:01:06|   2.3|  0.0|STATS |HTTPFetcher <REJECTED> Output Nuker(TeeFactory): Cloned 0 input feature(s) into 0 output feature(s)
2014-11-28 13:01:06|   2.3|  0.0|STATS |HTTPFetcher_OUTPUT Feature Counter -1 32(TeeFactory): Cloned 1 input feature(s) into 1 output feature(s)
2014-11-28 13:01:06|   2.3|  0.0|STATS |AttributeCreator_2_OUTPUT Feature Counter -1 37(TeeFactory): Cloned 1 input feature(s) into 1 output feature(s)
2014-11-28 13:01:06|   2.3|  0.0|INFORM|ResourceManager: Optimizing Memory Usage.  Please wait...
2014-11-28 13:01:06|   2.3|  0.0|INFORM|XMLFeatureMapper_2(XFMapFactory): Total Results: 1 Mapped Feature(s), 1 Input Feature(s), and 0 Invalid input Feature(s)
2014-11-28 13:01:06|   2.3|  0.0|STATS |XMLFeatureMapper_2_MAPPED Feature Counter -1 38(TeeFactory): Cloned 1 input feature(s) into 1 output feature(s)
2014-11-28 13:01:06|   2.3|  0.0|STATS |CoordinateSystemSetter(TeeFactory): Cloned 1 input feature(s) into 1 output feature(s)
2014-11-28 13:01:06|   2.3|  0.0|STATS |CoordinateSystemSetter_OUTPUT Feature Counter -1 42(TeeFactory): Cloned 1 input feature(s) into 1 output feature(s)
2014-11-28 13:01:06|   2.3|  0.0|STATS |GeometryReplacer(TeeFactory): Cloned 1 input feature(s) into 1 output feature(s)
2014-11-28 13:01:06|   2.3|  0.0|STATS |GeometryReplacer_OUTPUT Feature Counter -1 24(TeeFactory): Cloned 1 input feature(s) into 1 output feature(s)
2014-11-28 13:01:06|   2.3|  0.0|STATS |AttributeRemover(TeeFactory): Cloned 1 input feature(s) into 1 output feature(s)
2014-11-28 13:01:06|   2.3|  0.0|STATS |AttributeRemover OUTPUT Splitter(TeeFactory): Cloned 1 input feature(s) into 3 output feature(s)
2014-11-28 13:01:06|   2.3|  0.0|STATS |AttributeRemover_OUTPUT_0_iYYRRISyLH8= Feature Counter -1 41(TeeFactory): Cloned 1 input feature(s) into 1 output feature(s)
2014-11-28 13:01:06|   2.3|  0.0|STATS |AttributeRemover_OUTPUT_1_iYYRRISyLH8= Feature Counter -1 27(TeeFactory): Cloned 1 input feature(s) into 1 output feature(s)
2014-11-28 13:01:06|   2.3|  0.0|STATS |AttributeRemover_OUTPUT_2_iYYRRISyLH8= Feature Counter -1 44(TeeFactory): Cloned 1 input feature(s) into 1 output feature(s)
2014-11-28 13:01:06|   2.3|  0.0|STATS |GeometryReplacer_Output_DirCreator(CreationFactory): Created 1 features
2014-11-28 13:01:06|   2.3|  0.0|STATS |GeometryReplacer_Output_DirCreatorCleanerUpper(TeeFactory): Cloned 1 input feature(s) into 0 output feature(s)
2014-11-28 13:01:06|   2.3|  0.0|STATS |GeometryReplacer_Output_FeatureDirector(TestFactory): Tested 1 input feature(s) -- 0 feature(s) passed and 1 feature(s) failed
2014-11-28 13:01:06|   2.3|  0.0|STATS |GeometryReplacer_Output___FeatureDirector1(TestFactory): Tested 1 input feature(s) -- 0 feature(s) passed and 1 feature(s) failed
2014-11-28 13:01:06|   2.3|  0.0|STATS |GeometryReplacer_Output_VectorSetterUpper(TeeFactory): Cloned 1 input feature(s) into 1 output feature(s)
2014-11-28 13:01:06|   2.3|  0.0|STATS |GeometryReplacer_Output___PointCloudThinner(TeeFactory): Cloned 0 input feature(s) into 0 output feature(s)
2014-11-28 13:01:06|   2.3|  0.0|STATS |GeometryReplacer_Output_RasterSetterUpper(TeeFactory): Cloned 0 input feature(s) into 0 output feature(s)
2014-11-28 13:01:06|   2.3|  0.0|STATS |Stored 1 feature(s) to FME feature store file `C:\Users\jajens\AppData\Local\Temp\FMEWT_simplestExample_130059\inspector.ffs'
2014-11-28 13:01:06|   2.3|  0.0|INFORM|Saving spatial index into file 'C:\Users\jajens\AppData\Local\Temp\FMEWT_simplestExample_130059\inspector.fsi'
2014-11-28 13:01:06|   2.3|  0.0|INFORM|ResourceManager: Optimizing Memory Usage.  Please wait...
2014-11-28 13:01:06|   2.3|  0.0|INFORM|Finished saving spatial index into file 'C:\Users\jajens\AppData\Local\Temp\FMEWT_simplestExample_130059\inspector.fsi'
2014-11-28 13:01:06|   2.3|  0.0|STATS |Stored 1 feature(s) to FME feature store file `C:\Users\jajens\AppData\Local\Temp\FMEWT_simplestExample_130059\inspector.fsc'
2014-11-28 13:01:06|   2.3|  0.0|INFORM|GeometryReplacer_Output_Recorder(RecorderFactory): Recorded 1 feature(s) to file `C:\Users\jajens\AppData\Local\Temp\FMEWT_simplestExample_130059\inspector.ffs'
2014-11-28 13:01:06|   2.3|  0.0|STATS |AttributeRemover_OUTPUT_0_iYYRRISyLH8= -> Tunnelløp Correlator(TeeFactory): Cloned 1 input feature(s) into 1 output feature(s)
2014-11-28 13:01:06|   2.3|  0.0|STATS |AttributeRemover_OUTPUT_2_iYYRRISyLH8= -> tunnelløp Correlator(TeeFactory): Cloned 1 input feature(s) into 1 output feature(s)
2014-11-28 13:01:06|   2.3|  0.0|STATS |Final Output Feature Type Router(TestFactory): Tested 2 input feature(s) -- 2 feature(s) passed and 0 feature(s) failed
2014-11-28 13:01:06|   2.3|  0.0|STATS |Final Output Nuker(TeeFactory): Cloned 0 input feature(s) into 0 output feature(s)
2014-11-28 13:01:06|   2.3|  0.0|STATS |f_33(CreationFactory): Created 1 features
2014-11-28 13:01:06|   2.3|  0.0|STATS |f_34(TeeFactory): Cloned 1 input feature(s) into 0 output feature(s)
2014-11-28 13:01:06|   2.3|  0.0|INFORM|=-=-=-=-=-=-=-=-=-=-=-=-=-=-=-=-=-=-=-=-=-=-=-=-=-=-=-=-=-=-=-=-=-=-=-=-=-=-=-
2014-11-28 13:01:06|   2.3|  0.0|INFORM|Feature output statistics for `SHAPE' writer using keyword `SHAPE_1':
2014-11-28 13:01:06|   2.3|  0.0|STATS |=-=-=-=-=-=-=-=-=-=-=-=-=-=-=-=-=-=-=-=-=-=-=-=-=-=-=-=-=-=-=-=-=-=-=-=-=-=-=-
2014-11-28 13:01:06|   2.3|  0.0|STATS |                               Features Written
2014-11-28 13:01:06|   2.3|  0.0|STATS |=-=-=-=-=-=-=-=-=-=-=-=-=-=-=-=-=-=-=-=-=-=-=-=-=-=-=-=-=-=-=-=-=-=-=-=-=-=-=-
2014-11-28 13:01:06|   2.3|  0.0|STATS |Tunnelløp (Tunnelløp)                                                        1
2014-11-28 13:01:06|   2.3|  0.0|STATS |==============================================================================
2014-11-28 13:01:06|   2.3|  0.0|STATS |Total Features Written                                                       1
2014-11-28 13:01:06|   2.3|  0.0|STATS |=-=-=-=-=-=-=-=-=-=-=-=-=-=-=-=-=-=-=-=-=-=-=-=-=-=-=-=-=-=-=-=-=-=-=-=-=-=-=-
2014-11-28 13:01:06|   2.3|  0.0|INFORM|MULTI_WRITER: multi_writer_id `1': Started outputting features
2014-11-28 13:01:06|   2.4|  0.0|INFORM|Trying to find a DYNAMIC plugin for writer named `GEOJSON'
2014-11-28 13:01:08|   2.4|  0.1|INFORM|Loaded module 'GEOJSON' from file 'C:\Program Files (x86)\FME\plugins/JSON.dll'
2014-11-28 13:01:08|   2.4|  0.0|INFORM|FME API version of module 'GEOJSON' matches current internal version (3.7 20131121)
2014-11-28 13:01:08|   2.4|  0.0|INFORM|FME Configuration: No destination coordinate system set
2014-11-28 13:01:08|   2.4|  0.0|INFORM|FME API version of module 'GEOJSON' matches current internal version (3.7 20131121)
2014-11-28 13:01:08|   2.4|  0.0|INFORM|Writer `GEOJSON_1' of type `GEOJSON' using group definition keyword `GEOJSON_1_DEF'
2014-11-28 13:01:08|   2.4|  0.0|INFORM|FME API version of module 'GEOJSON' matches current internal version (3.7 20131121)
2014-11-28 13:01:08|   2.4|  0.0|INFORM|Opening the GEOJSON writer with destination dataset 'C:\Data\tunnelkart\tunneleks.geojson'
2014-11-28 13:01:08|   2.4|  0.0|INFORM|FME Configuration: Destination coordinate system set to input coordinate system `EPSG:25833'
2014-11-28 13:01:08|   2.4|  0.0|INFORM|MULTI_WRITER: multi_writer_id `1': Writing feature 0 
2014-11-28 13:01:08|   2.4|  0.0|INFORM|Closing the GEOJSON writer
2014-11-28 13:01:08|   2.4|  0.0|INFORM|=-=-=-=-=-=-=-=-=-=-=-=-=-=-=-=-=-=-=-=-=-=-=-=-=-=-=-=-=-=-=-=-=-=-=-=-=-=-=-
2014-11-28 13:01:08|   2.4|  0.0|INFORM|Feature output statistics for `GEOJSON' writer using keyword `GEOJSON_1':
2014-11-28 13:01:08|   2.4|  0.0|STATS |=-=-=-=-=-=-=-=-=-=-=-=-=-=-=-=-=-=-=-=-=-=-=-=-=-=-=-=-=-=-=-=-=-=-=-=-=-=-=-
2014-11-28 13:01:08|   2.4|  0.0|STATS |                               Features Written
2014-11-28 13:01:08|   2.4|  0.0|STATS |=-=-=-=-=-=-=-=-=-=-=-=-=-=-=-=-=-=-=-=-=-=-=-=-=-=-=-=-=-=-=-=-=-=-=-=-=-=-=-
2014-11-28 13:01:08|   2.4|  0.0|STATS |tunnelløp                                                                    1
2014-11-28 13:01:08|   2.4|  0.0|STATS |==============================================================================
2014-11-28 13:01:08|   2.4|  0.0|STATS |Total Features Written                                                       1
2014-11-28 13:01:08|   2.4|  0.0|STATS |=-=-=-=-=-=-=-=-=-=-=-=-=-=-=-=-=-=-=-=-=-=-=-=-=-=-=-=-=-=-=-=-=-=-=-=-=-=-=-
2014-11-28 13:01:08|   2.4|  0.0|INFORM|MULTI_WRITER: multi_writer_id `1': done writing 1 feature(s) 
2014-11-28 13:01:08|   2.4|  0.0|INFORM|^^^^^^^^^^^^^^^^^^^^^^^^^^^^^^^^^^^^^^^^^^^^^^^^^^^^^^^^^^^^^^^^^^^^^^^^^^^^^^
2014-11-28 13:01:08|   2.4|  0.0|STATS |=-=-=-=-=-=-=-=-=-=-=-=-=-=-=-=-=-=-=-=-=-=-=-=-=-=-=-=-=-=-=-=-=-=-=-=-=-=-=-
2014-11-28 13:01:08|   2.4|  0.0|STATS |                            Features Read Summary
2014-11-28 13:01:08|   2.4|  0.0|STATS |=-=-=-=-=-=-=-=-=-=-=-=-=-=-=-=-=-=-=-=-=-=-=-=-=-=-=-=-=-=-=-=-=-=-=-=-=-=-=-
2014-11-28 13:01:08|   2.4|  0.0|STATS |==============================================================================
2014-11-28 13:01:08|   2.4|  0.0|STATS |Total Features Read                                                          0
2014-11-28 13:01:08|   2.4|  0.0|STATS |=-=-=-=-=-=-=-=-=-=-=-=-=-=-=-=-=-=-=-=-=-=-=-=-=-=-=-=-=-=-=-=-=-=-=-=-=-=-=-
2014-11-28 13:01:08|   2.4|  0.0|STATS |=-=-=-=-=-=-=-=-=-=-=-=-=-=-=-=-=-=-=-=-=-=-=-=-=-=-=-=-=-=-=-=-=-=-=-=-=-=-=-
2014-11-28 13:01:08|   2.4|  0.0|STATS |                           Features Written Summary
2014-11-28 13:01:08|   2.4|  0.0|STATS |=-=-=-=-=-=-=-=-=-=-=-=-=-=-=-=-=-=-=-=-=-=-=-=-=-=-=-=-=-=-=-=-=-=-=-=-=-=-=-
2014-11-28 13:01:08|   2.4|  0.0|STATS |Tunnelløp                                                                    1
2014-11-28 13:01:08|   2.4|  0.0|STATS |tunnelløp                                                                    1
2014-11-28 13:01:08|   2.4|  0.0|STATS |==============================================================================
2014-11-28 13:01:08|   2.4|  0.0|STATS |Total Features Written                                                       2
2014-11-28 13:01:08|   2.4|  0.0|STATS |=-=-=-=-=-=-=-=-=-=-=-=-=-=-=-=-=-=-=-=-=-=-=-=-=-=-=-=-=-=-=-=-=-=-=-=-=-=-=-
2014-11-28 13:01:08|   2.4|  0.0|INFORM|Translation was SUCCESSFUL with 0 warning(s) (2 feature(s) output)
2014-11-28 13:01:08|   2.4|  0.0|INFORM|FME Session Duration: 8.7 seconds. (CPU: 1.6s user, 0.6s system)
2014-11-28 13:01:08|   2.4|  0.0|INFORM|END - ProcessID: 5244, peak process memory usage: 124836 kB, current process memory usage: 122920 kB
